2021-11-10 19:20:24 INFO - Paso Ingreso al sitio de Testim.io exitoso
2021-11-10 19:20:37 INFO - Paso Seleccionar Destino exitoso
2021-11-10 19:21:01 INFO - Paso Ingreso al sitio de Testim.io exitoso
2021-11-10 19:21:15 INFO - Paso Seleccionar Destino exitoso
2021-11-10 19:21:23 INFO - Paso Filtrar resultados exitoso
2021-11-10 19:21:39 INFO - Paso Ingreso al sitio de Testim.io exitoso
2021-11-10 19:21:53 INFO - Paso Seleccionar Destino exitoso
2021-11-10 19:22:01 INFO - Paso Filtrar resultados exitoso
2021-11-10 19:22:06 INFO - Paso Agregar Destino al carrito exitoso
2021-11-10 19:22:24 INFO - Paso Ingreso al sitio de Testim.io exitoso
2021-11-10 19:22:37 INFO - Paso Seleccionar Destino exitoso
2021-11-10 19:22:46 INFO - Paso Filtrar resultados exitoso
2021-11-10 19:22:51 INFO - Paso Agregar Destino al carrito exitoso
2021-11-10 19:23:09 INFO - Paso Completar datos del checkout exitoso
2021-11-10 19:23:26 INFO - Paso Ingreso al sitio de Testim.io exitoso
2021-11-10 19:23:36 INFO - Paso Iniciar sesión en el sitio exitoso
2021-11-10 19:30:49 INFO - Paso Ingreso al sitio de Testim.io exitoso
2021-11-10 19:31:03 INFO - Paso Seleccionar Destino exitoso
2021-11-10 19:31:09 INFO - Paso Ingreso al sitio de Testim.io exitoso
2021-11-10 19:31:22 INFO - Paso Seleccionar Destino exitoso
2021-11-10 19:31:31 INFO - Paso Filtrar resultados exitoso
2021-11-10 19:31:37 INFO - Paso Ingreso al sitio de Testim.io exitoso
2021-11-10 19:31:50 INFO - Paso Seleccionar Destino exitoso
2021-11-10 19:31:59 INFO - Paso Filtrar resultados exitoso
2021-11-10 19:32:04 INFO - Paso Agregar Destino al carrito exitoso
2021-11-10 19:32:10 INFO - Paso Ingreso al sitio de Testim.io exitoso
2021-11-10 19:32:23 INFO - Paso Seleccionar Destino exitoso
2021-11-10 19:32:32 INFO - Paso Filtrar resultados exitoso
2021-11-10 19:32:37 INFO - Paso Agregar Destino al carrito exitoso
2021-11-10 19:32:55 INFO - Paso Completar datos del checkout exitoso
2021-11-10 19:33:02 INFO - Paso Ingreso al sitio de Testim.io exitoso
2021-11-10 19:33:11 INFO - Paso Iniciar sesión en el sitio exitoso
2021-11-10 19:42:19 INFO - Paso Ingreso al sitio de Testim.io exitoso
2021-11-10 19:42:32 INFO - Paso Seleccionar Destino exitoso
2021-11-10 19:42:41 INFO - Paso Filtrar resultados exitoso
2021-11-10 19:42:46 INFO - Paso Agregar Destino al carrito exitoso
2021-11-10 19:43:09 INFO - Paso Ingreso al sitio de Testim.io exitoso
2021-11-10 19:43:22 INFO - Paso Seleccionar Destino exitoso
2021-11-10 19:43:31 INFO - Paso Filtrar resultados exitoso
2021-11-10 19:43:38 INFO - Paso Agregar Destino al carrito exitoso
2021-11-10 19:44:05 INFO - Paso Ingreso al sitio de Testim.io exitoso
2021-11-10 19:44:18 INFO - Paso Seleccionar Destino exitoso
2021-11-10 19:44:27 INFO - Paso Filtrar resultados exitoso
2021-11-10 19:44:34 INFO - Paso Agregar Destino al carrito exitoso
2021-11-10 20:22:41 INFO - Paso Ingreso al sitio de Testim.io exitoso
2021-11-10 20:22:54 INFO - Paso Seleccionar Destino exitoso
2021-11-10 20:23:03 INFO - Paso Filtrar resultados exitoso
2021-11-10 20:23:10 INFO - Paso Agregar Destino al carrito exitoso
2021-11-10 20:23:21 ERROR- Error al completar los datos requeridos en el checkout
2021-11-10 20:25:47 INFO - Paso Ingreso al sitio de Testim.io exitoso
2021-11-10 20:26:01 INFO - Paso Seleccionar Destino exitoso
2021-11-10 20:26:09 INFO - Paso Filtrar resultados exitoso
2021-11-10 20:26:16 INFO - Paso Agregar Destino al carrito exitoso
2021-11-10 20:26:27 ERROR- Error al completar los datos requeridos en el checkout
2021-11-10 20:26:52 INFO - Paso Ingreso al sitio de Testim.io exitoso
2021-11-10 20:27:06 INFO - Paso Seleccionar Destino exitoso
2021-11-10 20:27:14 INFO - Paso Filtrar resultados exitoso
2021-11-10 20:27:21 INFO - Paso Agregar Destino al carrito exitoso
2021-11-10 20:27:32 ERROR- Error al completar los datos requeridos en el checkout
2021-11-10 20:28:03 INFO - Paso Ingreso al sitio de Testim.io exitoso
2021-11-10 20:28:17 INFO - Paso Seleccionar Destino exitoso
2021-11-10 20:28:25 INFO - Paso Filtrar resultados exitoso
2021-11-10 20:28:32 INFO - Paso Agregar Destino al carrito exitoso
2021-11-10 20:28:43 ERROR- Error al completar los datos requeridos en el checkout
2021-11-10 20:29:25 INFO - Paso Ingreso al sitio de Testim.io exitoso
2021-11-10 20:29:39 INFO - Paso Seleccionar Destino exitoso
2021-11-10 20:29:47 INFO - Paso Filtrar resultados exitoso
2021-11-10 20:29:54 INFO - Paso Agregar Destino al carrito exitoso
2021-11-10 20:30:12 INFO - Paso Ingreso al sitio de Testim.io exitoso
2021-11-10 20:30:25 INFO - Paso Seleccionar Destino exitoso
2021-11-10 20:30:34 INFO - Paso Filtrar resultados exitoso
2021-11-10 20:30:41 INFO - Paso Agregar Destino al carrito exitoso
2021-11-10 20:32:55 INFO - Paso Ingreso al sitio de Testim.io exitoso
2021-11-10 20:33:09 INFO - Paso Seleccionar Destino exitoso
2021-11-10 20:33:17 INFO - Paso Filtrar resultados exitoso
2021-11-10 20:33:23 INFO - Paso Agregar Destino al carrito exitoso
2021-11-10 20:37:17 INFO - Paso Ingreso al sitio de Testim.io exitoso
2021-11-10 20:37:30 INFO - Paso Seleccionar Destino exitoso
2021-11-10 20:37:39 INFO - Paso Filtrar resultados exitoso
2021-11-10 20:37:45 INFO - Paso Agregar Destino al carrito exitoso
2021-11-10 20:37:56 ERROR- Error al completar los datos requeridos en el checkout
2021-11-10 20:38:14 INFO - Paso Ingreso al sitio de Testim.io exitoso
2021-11-10 20:38:27 INFO - Paso Seleccionar Destino exitoso
2021-11-10 20:38:36 INFO - Paso Filtrar resultados exitoso
2021-11-10 20:38:42 INFO - Paso Agregar Destino al carrito exitoso
2021-11-10 20:38:53 ERROR- Error al completar los datos requeridos en el checkout
2021-11-10 20:40:56 INFO - Paso Ingreso al sitio de Testim.io exitoso
2021-11-10 20:41:09 INFO - Paso Seleccionar Destino exitoso
2021-11-10 20:41:18 INFO - Paso Filtrar resultados exitoso
2021-11-10 20:41:24 INFO - Paso Agregar Destino al carrito exitoso
2021-11-10 20:41:48 INFO - Paso Completar datos del checkout exitoso
